<?xml version="1.0" encoding="UTF-8"?>
<testsuite name="This test tests, if" tests="1" skipped="0" failures="1" errors="0" timestamp="2022-05-18T20:40:28" hostname="My MacBook Pro" time="311.019">
  <properties/>
  <testcase name="the match will terminate after someone won the game." classname="MatchTest" time="311.019">
    <failure message="java.lang.AssertionError: &#10;Expecting ArrayList:&#10;  [&quot;Match starts!!&quot;,&#10;    &quot;Please throw the first Token, Hakan.&quot;,&#10;    &quot;The thrown Token is {Schwarz 8}.&quot;,&#10;    &quot;It's Okans turn.&quot;,&#10;    &quot;Do you want to take the thrown Token {Schwarz 8} or get a new one?&quot;,&#10;    &quot;There is 1 winning combinations.&quot;,&#10;    &quot;These are [[Gelb 9, Gelb 10, Rot 1, Rot 1, Rot 2, Rot 3, Rot 4, Rot 9, Rot 10, Rot 12, Rot 13, Blau 9, Blau 10, Schwarz 9]]&quot;,&#10;    &quot;It's Hakans turn.&quot;,&#10;    &quot;Do you want to take the thrown Token {Schwarz 8} or get a new one?&quot;,&#10;    &quot;The winner is Okan. Congratulations!!&quot;,&#10;    &quot;The next match is about to start.&#10;&#10;&#10;&#10;&#10;&quot;,&#10;    &quot;Match starts!!&quot;,&#10;    &quot;Please throw the first Token, Hakan.&quot;,&#10;    &quot;It's Okans turn.&quot;,&#10;    &quot;Do you want to take the thrown Token {Schwarz 8} or get a new one?&quot;,&#10;    &quot;The winner is Okan. Congratulations!!&quot;,&#10;    &quot;The next match is about to start.&#10;&#10;&#10;&#10;&#10;&quot;,&#10;    &quot;Match starts!!&quot;,&#10;    &quot;Please throw the first Token, Okan.&quot;,&#10;    &quot;The next match is about to start.&#10;&#10;&#10;&#10;&#10;&quot;,&#10;    &quot;Match starts!!&quot;,&#10;    &quot;Please throw the first Token, Okan.&quot;,&#10;    &quot;The next match is about to start.&#10;&#10;&#10;&#10;&#10;&quot;,&#10;    &quot;Match starts!!&quot;,&#10;    &quot;Please throw the first Token, Okan.&quot;,&#10;    &quot;You won the game!!&quot;,&#10;    &quot;Have a candy.&#10;&#10;&quot;,&#10;    &quot; .-&quot;&quot;-.      ___&#10;  \  &quot;-.  /      \  .-&quot;  /&#10;   &gt; -=.\/        \/.=- &lt;&#10;   &gt; -='/\        /\'=- &lt;&#10;  /__.-'  \      /  '-.__\&#10;           '-..-'&#10;    ____&#10;  .' /  '.&#10; /  (  .-'\&#10;|'.__\/__  |&#10;|    /\  '.|&#10; \.-'  )  /&#10;   '.__/_.'&#10;        ____&#10;      .' /:::.&#10;     /  (:::-'\&#10;    |:\__\/__  |&#10;    |::::/\:::\|&#10;     \::'  )::/&#10;       '.__/::'&#10;&quot;,&#10;    &quot;&#10;&#10;See you next time.&quot;]&#10;to contain:&#10;  [&quot;&quot;]&#10;but could not find the following element(s):&#10;  [&quot;&quot;]&#10;" type="java.lang.AssertionError">java.lang.AssertionError: 
Expecting ArrayList:
  [&quot;Match starts!!&quot;,
    &quot;Please throw the first Token, Hakan.&quot;,
    &quot;The thrown Token is {Schwarz 8}.&quot;,
    &quot;It's Okans turn.&quot;,
    &quot;Do you want to take the thrown Token {Schwarz 8} or get a new one?&quot;,
    &quot;There is 1 winning combinations.&quot;,
    &quot;These are [[Gelb 9, Gelb 10, Rot 1, Rot 1, Rot 2, Rot 3, Rot 4, Rot 9, Rot 10, Rot 12, Rot 13, Blau 9, Blau 10, Schwarz 9]]&quot;,
    &quot;It's Hakans turn.&quot;,
    &quot;Do you want to take the thrown Token {Schwarz 8} or get a new one?&quot;,
    &quot;The winner is Okan. Congratulations!!&quot;,
    &quot;The next match is about to start.




&quot;,
    &quot;Match starts!!&quot;,
    &quot;Please throw the first Token, Hakan.&quot;,
    &quot;It's Okans turn.&quot;,
    &quot;Do you want to take the thrown Token {Schwarz 8} or get a new one?&quot;,
    &quot;The winner is Okan. Congratulations!!&quot;,
    &quot;The next match is about to start.




&quot;,
    &quot;Match starts!!&quot;,
    &quot;Please throw the first Token, Okan.&quot;,
    &quot;The next match is about to start.




&quot;,
    &quot;Match starts!!&quot;,
    &quot;Please throw the first Token, Okan.&quot;,
    &quot;The next match is about to start.




&quot;,
    &quot;Match starts!!&quot;,
    &quot;Please throw the first Token, Okan.&quot;,
    &quot;You won the game!!&quot;,
    &quot;Have a candy.

&quot;,
    &quot; .-&quot;&quot;-.      ___
  \  &quot;-.  /      \  .-&quot;  /
   &gt; -=.\/        \/.=- &lt;
   &gt; -='/\        /\'=- &lt;
  /__.-'  \      /  '-.__\
           '-..-'
    ____
  .' /  '.
 /  (  .-'\
|'.__\/__  |
|    /\  '.|
 \.-'  )  /
   '.__/_.'
        ____
      .' /:::.
     /  (:::-'\
    |:\__\/__  |
    |::::/\:::\|
     \::'  )::/
       '.__/::'
&quot;,
    &quot;

See you next time.&quot;]
to contain:
  [&quot;&quot;]
but could not find the following element(s):
  [&quot;&quot;]

	at MatchTest.test_20(MatchTest.java:423)
	at java.base/jdk.internal.reflect.NativeMethodAccessorImpl.invoke0(Native Method)
	at java.base/jdk.internal.reflect.NativeMethodAccessorImpl.invoke(NativeMethodAccessorImpl.java:78)
	at java.base/jdk.internal.reflect.DelegatingMethodAccessorImpl.invoke(DelegatingMethodAccessorImpl.java:43)
	at java.base/java.lang.reflect.Method.invoke(Method.java:567)
	at org.junit.platform.commons.util.ReflectionUtils.invokeMethod(ReflectionUtils.java:725)
	at org.junit.jupiter.engine.execution.MethodInvocation.proceed(MethodInvocation.java:60)
	at org.junit.jupiter.engine.execution.InvocationInterceptorChain$ValidatingInvocation.proceed(InvocationInterceptorChain.java:131)
	at org.junit.jupiter.engine.extension.TimeoutExtension.intercept(TimeoutExtension.java:149)
	at org.junit.jupiter.engine.extension.TimeoutExtension.interceptTestableMethod(TimeoutExtension.java:140)
	at org.junit.jupiter.engine.extension.TimeoutExtension.interceptTestMethod(TimeoutExtension.java:84)
	at org.junit.jupiter.engine.execution.ExecutableInvoker$ReflectiveInterceptorCall.lambda$ofVoidMethod$0(ExecutableInvoker.java:115)
	at org.junit.jupiter.engine.execution.ExecutableInvoker.lambda$invoke$0(ExecutableInvoker.java:105)
	at org.junit.jupiter.engine.execution.InvocationInterceptorChain$InterceptedInvocation.proceed(InvocationInterceptorChain.java:106)
	at org.junit.jupiter.engine.execution.InvocationInterceptorChain.proceed(InvocationInterceptorChain.java:64)
	at org.junit.jupiter.engine.execution.InvocationInterceptorChain.chainAndInvoke(InvocationInterceptorChain.java:45)
	at org.junit.jupiter.engine.execution.InvocationInterceptorChain.invoke(InvocationInterceptorChain.java:37)
	at org.junit.jupiter.engine.execution.ExecutableInvoker.invoke(ExecutableInvoker.java:104)
	at org.junit.jupiter.engine.execution.ExecutableInvoker.invoke(ExecutableInvoker.java:98)
	at org.junit.jupiter.engine.descriptor.TestMethodTestDescriptor.lambda$invokeTestMethod$7(TestMethodTestDescriptor.java:214)
	at org.junit.platform.engine.support.hierarchical.ThrowableCollector.execute(ThrowableCollector.java:73)
	at org.junit.jupiter.engine.descriptor.TestMethodTestDescriptor.invokeTestMethod(TestMethodTestDescriptor.java:210)
	at org.junit.jupiter.engine.descriptor.TestMethodTestDescriptor.execute(TestMethodTestDescriptor.java:135)
	at org.junit.jupiter.engine.descriptor.TestMethodTestDescriptor.execute(TestMethodTestDescriptor.java:66)
	at org.junit.platform.engine.support.hierarchical.NodeTestTask.lambda$executeRecursively$6(NodeTestTask.java:151)
	at org.junit.platform.engine.support.hierarchical.ThrowableCollector.execute(ThrowableCollector.java:73)
	at org.junit.platform.engine.support.hierarchical.NodeTestTask.lambda$executeRecursively$8(NodeTestTask.java:141)
	at org.junit.platform.engine.support.hierarchical.Node.around(Node.java:137)
	at org.junit.platform.engine.support.hierarchical.NodeTestTask.lambda$executeRecursively$9(NodeTestTask.java:139)
	at org.junit.platform.engine.support.hierarchical.ThrowableCollector.execute(ThrowableCollector.java:73)
	at org.junit.platform.engine.support.hierarchical.NodeTestTask.executeRecursively(NodeTestTask.java:138)
	at org.junit.platform.engine.support.hierarchical.NodeTestTask.execute(NodeTestTask.java:95)
	at java.base/java.util.ArrayList.forEach(ArrayList.java:1511)
	at org.junit.platform.engine.support.hierarchical.SameThreadHierarchicalTestExecutorService.invokeAll(SameThreadHierarchicalTestExecutorService.java:41)
	at org.junit.platform.engine.support.hierarchical.NodeTestTask.lambda$executeRecursively$6(NodeTestTask.java:155)
	at org.junit.platform.engine.support.hierarchical.ThrowableCollector.execute(ThrowableCollector.java:73)
	at org.junit.platform.engine.support.hierarchical.NodeTestTask.lambda$executeRecursively$8(NodeTestTask.java:141)
	at org.junit.platform.engine.support.hierarchical.Node.around(Node.java:137)
	at org.junit.platform.engine.support.hierarchical.NodeTestTask.lambda$executeRecursively$9(NodeTestTask.java:139)
	at org.junit.platform.engine.support.hierarchical.ThrowableCollector.execute(ThrowableCollector.java:73)
	at org.junit.platform.engine.support.hierarchical.NodeTestTask.executeRecursively(NodeTestTask.java:138)
	at org.junit.platform.engine.support.hierarchical.NodeTestTask.execute(NodeTestTask.java:95)
	at java.base/java.util.ArrayList.forEach(ArrayList.java:1511)
	at org.junit.platform.engine.support.hierarchical.SameThreadHierarchicalTestExecutorService.invokeAll(SameThreadHierarchicalTestExecutorService.java:41)
	at org.junit.platform.engine.support.hierarchical.NodeTestTask.lambda$executeRecursively$6(NodeTestTask.java:155)
	at org.junit.platform.engine.support.hierarchical.ThrowableCollector.execute(ThrowableCollector.java:73)
	at org.junit.platform.engine.support.hierarchical.NodeTestTask.lambda$executeRecursively$8(NodeTestTask.java:141)
	at org.junit.platform.engine.support.hierarchical.Node.around(Node.java:137)
	at org.junit.platform.engine.support.hierarchical.NodeTestTask.lambda$executeRecursively$9(NodeTestTask.java:139)
	at org.junit.platform.engine.support.hierarchical.ThrowableCollector.execute(ThrowableCollector.java:73)
	at org.junit.platform.engine.support.hierarchical.NodeTestTask.executeRecursively(NodeTestTask.java:138)
	at org.junit.platform.engine.support.hierarchical.NodeTestTask.execute(NodeTestTask.java:95)
	at org.junit.platform.engine.support.hierarchical.SameThreadHierarchicalTestExecutorService.submit(SameThreadHierarchicalTestExecutorService.java:35)
	at org.junit.platform.engine.support.hierarchical.HierarchicalTestExecutor.execute(HierarchicalTestExecutor.java:57)
	at org.junit.platform.engine.support.hierarchical.HierarchicalTestEngine.execute(HierarchicalTestEngine.java:54)
	at org.junit.platform.launcher.core.EngineExecutionOrchestrator.execute(EngineExecutionOrchestrator.java:108)
	at org.junit.platform.launcher.core.EngineExecutionOrchestrator.execute(EngineExecutionOrchestrator.java:88)
	at org.junit.platform.launcher.core.EngineExecutionOrchestrator.lambda$execute$0(EngineExecutionOrchestrator.java:54)
	at org.junit.platform.launcher.core.EngineExecutionOrchestrator.withInterceptedStreams(EngineExecutionOrchestrator.java:67)
	at org.junit.platform.launcher.core.EngineExecutionOrchestrator.execute(EngineExecutionOrchestrator.java:52)
	at org.junit.platform.launcher.core.DefaultLauncher.execute(DefaultLauncher.java:96)
	at org.junit.platform.launcher.core.DefaultLauncher.execute(DefaultLauncher.java:75)
	at org.gradle.api.internal.tasks.testing.junitplatform.JUnitPlatformTestClassProcessor$CollectAllTestClassesExecutor.processAllTestClasses(JUnitPlatformTestClassProcessor.java:99)
	at org.gradle.api.internal.tasks.testing.junitplatform.JUnitPlatformTestClassProcessor$CollectAllTestClassesExecutor.access$000(JUnitPlatformTestClassProcessor.java:79)
	at org.gradle.api.internal.tasks.testing.junitplatform.JUnitPlatformTestClassProcessor.stop(JUnitPlatformTestClassProcessor.java:75)
	at org.gradle.api.internal.tasks.testing.SuiteTestClassProcessor.stop(SuiteTestClassProcessor.java:61)
	at java.base/jdk.internal.reflect.NativeMethodAccessorImpl.invoke0(Native Method)
	at java.base/jdk.internal.reflect.NativeMethodAccessorImpl.invoke(NativeMethodAccessorImpl.java:78)
	at java.base/jdk.internal.reflect.DelegatingMethodAccessorImpl.invoke(DelegatingMethodAccessorImpl.java:43)
	at java.base/java.lang.reflect.Method.invoke(Method.java:567)
	at org.gradle.internal.dispatch.ReflectionDispatch.dispatch(ReflectionDispatch.java:36)
	at org.gradle.internal.dispatch.ReflectionDispatch.dispatch(ReflectionDispatch.java:24)
	at org.gradle.internal.dispatch.ContextClassLoaderDispatch.dispatch(ContextClassLoaderDispatch.java:33)
	at org.gradle.internal.dispatch.ProxyDispatchAdapter$DispatchingInvocationHandler.invoke(ProxyDispatchAdapter.java:94)
	at jdk.proxy1/jdk.proxy1.$Proxy2.stop(Unknown Source)
	at org.gradle.api.internal.tasks.testing.worker.TestWorker.stop(TestWorker.java:135)
	at java.base/jdk.internal.reflect.NativeMethodAccessorImpl.invoke0(Native Method)
	at java.base/jdk.internal.reflect.NativeMethodAccessorImpl.invoke(NativeMethodAccessorImpl.java:78)
	at java.base/jdk.internal.reflect.DelegatingMethodAccessorImpl.invoke(DelegatingMethodAccessorImpl.java:43)
	at java.base/java.lang.reflect.Method.invoke(Method.java:567)
	at org.gradle.internal.dispatch.ReflectionDispatch.dispatch(ReflectionDispatch.java:36)
	at org.gradle.internal.dispatch.ReflectionDispatch.dispatch(ReflectionDispatch.java:24)
	at org.gradle.internal.remote.internal.hub.MessageHubBackedObjectConnection$DispatchWrapper.dispatch(MessageHubBackedObjectConnection.java:182)
	at org.gradle.internal.remote.internal.hub.MessageHubBackedObjectConnection$DispatchWrapper.dispatch(MessageHubBackedObjectConnection.java:164)
	at org.gradle.internal.remote.internal.hub.MessageHub$Handler.run(MessageHub.java:414)
	at org.gradle.internal.concurrent.ExecutorPolicy$CatchAndRecordFailures.onExecute(ExecutorPolicy.java:64)
	at org.gradle.internal.concurrent.ManagedExecutorImpl$1.run(ManagedExecutorImpl.java:48)
	at java.base/java.util.concurrent.ThreadPoolExecutor.runWorker(ThreadPoolExecutor.java:1130)
	at java.base/java.util.concurrent.ThreadPoolExecutor$Worker.run(ThreadPoolExecutor.java:630)
	at org.gradle.internal.concurrent.ThreadFactoryImpl$ManagedThreadRunnable.run(ThreadFactoryImpl.java:56)
	at java.base/java.lang.Thread.run(Thread.java:831)
</failure>
  </testcase>
  <system-out><![CDATA[Hakan:[Gelb 6, Gelb 8, Rot 4, Rot 7, Rot 10, Rot 13, Blau 1, Blau 1, Blau 2, Blau 8, Blau 11, Schwarz 7, Schwarz 7, Schwarz 8, Schwarz 11]
Okan:[Gelb 9, Gelb 10, Rot 1, Rot 1, Rot 2, Rot 3, Rot 4, Rot 9, Rot 10, Rot 12, Rot 13, Blau 9, Blau 10, Schwarz 9, Schwarz 10]
Okan:[Gelb 3, Gelb 9, Gelb 10, Rot 1, Rot 1, Rot 2, Rot 3, Rot 4, Rot 9, Rot 10, Rot 12, Rot 13, Blau 9, Blau 10, Schwarz 9]
Hakan:[Gelb 6, Gelb 8, Rot 4, Rot 7, Rot 10, Rot 13, Blau 1, Blau 1, Blau 2, Blau 8, Blau 11, Schwarz 7, Schwarz 7, Schwarz 11, Heavy]
Hakan:[Gelb 6, Gelb 8, Rot 4, Rot 7, Rot 10, Rot 13, Blau 1, Blau 1, Blau 2, Blau 8, Blau 11, Schwarz 7, Schwarz 7, Schwarz 11, Heavy]
Okan:[Gelb 3, Gelb 9, Gelb 10, Rot 1, Rot 1, Rot 2, Rot 3, Rot 4, Rot 9, Rot 10, Rot 12, Rot 13, Blau 9, Blau 10, Schwarz 9]
Okan:[Gelb 3, Gelb 9, Gelb 10, Rot 1, Rot 1, Rot 2, Rot 3, Rot 4, Rot 9, Rot 10, Rot 12, Rot 13, Blau 9, Blau 10, Schwarz 9]
Okan:[Gelb 3, Gelb 9, Gelb 10, Rot 1, Rot 1, Rot 2, Rot 3, Rot 4, Rot 9, Rot 10, Rot 12, Rot 13, Blau 9, Blau 10, Schwarz 9]
Okan:[Gelb 3, Gelb 9, Gelb 10, Rot 1, Rot 1, Rot 2, Rot 3, Rot 4, Rot 9, Rot 10, Rot 12, Rot 13, Blau 9, Blau 10, Schwarz 9]
[Match starts!!, Please throw the first Token, Hakan., The thrown Token is {Schwarz 8}., It's Okans turn., Do you want to take the thrown Token {Schwarz 8} or get a new one?, There is 1 winning combinations., These are [[Gelb 9, Gelb 10, Rot 1, Rot 1, Rot 2, Rot 3, Rot 4, Rot 9, Rot 10, Rot 12, Rot 13, Blau 9, Blau 10, Schwarz 9]], It's Hakans turn., Do you want to take the thrown Token {Schwarz 8} or get a new one?, The winner is Okan. Congratulations!!, The next match is about to start.




, Match starts!!, Please throw the first Token, Hakan., It's Okans turn., Do you want to take the thrown Token {Schwarz 8} or get a new one?, The winner is Okan. Congratulations!!, The next match is about to start.




, Match starts!!, Please throw the first Token, Okan., The next match is about to start.




, Match starts!!, Please throw the first Token, Okan., The next match is about to start.




, Match starts!!, Please throw the first Token, Okan., You won the game!!, Have a candy.

,  .-""-.      ___
  \  "-.  /      \  .-"  /
   > -=.\/        \/.=- <
   > -='/\        /\'=- <
  /__.-'  \      /  '-.__\
           '-..-'
    ____
  .' /  '.
 /  (  .-'\
|'.__\/__  |
|    /\  '.|
 \.-'  )  /
   '.__/_.'
        ____
      .' /:::.
     /  (:::-'\
    |:\__\/__  |
    |::::/\:::\|
     \::'  )::/
       '.__/::'
, 

See you next time.]
]]></system-out>
  <system-err><![CDATA[]]></system-err>
</testsuite>
