<?xml version="1.0" encoding="UTF-8"?>
<testsuite name="This test tests, if" tests="2" skipped="0" failures="0" errors="0" timestamp="2022-05-19T12:50:09" hostname="My MacBook Pro" time="0.001">
  <properties/>
  <testcase name="the method subsetsWithMinSize works." classname="SpecialsSetsTest" time="0.0"/>
  <testcase name="the method powerSetWithMaxSize works." classname="SpecialsSetsTest" time="0.0"/>
  <system-out><![CDATA[]]></system-out>
  <system-err><![CDATA[]]></system-err>
</testsuite>
